2023-04-11 21:18:03,276 INFO org.springframework.boot.StartupInfoLogger [main] Starting GeneralModuleApplication using Java 17.0.6 on DESKTOP-Q842RM6 with PID 8012 (D:\RealEstateAM\GeneralModule\target\classes started by ASUS in D:\RealEstateAM)
2023-04-11 21:18:03,279 DEBUG org.springframework.boot.StartupInfoLogger [main] Running with Spring Boot v2.7.5, Spring v5.3.23
2023-04-11 21:18:03,280 INFO org.springframework.boot.SpringApplication [main] No active profile set, falling back to 1 default profile: "default"
2023-04-11 21:18:03,939 INFO org.springframework.data.repository.config.RepositoryConfigurationDelegate [main] Bootstrapping Spring Data JPA repositories in DEFAULT mode.
2023-04-11 21:18:03,990 INFO org.springframework.data.repository.config.RepositoryConfigurationDelegate [main] Finished Spring Data repository scanning in 40 ms. Found 2 JPA repository interfaces.
2023-04-11 21:18:04,626 INFO org.springframework.boot.web.embedded.tomcat.TomcatWebServer [main] Tomcat initialized with port(s): 8080 (http)
2023-04-11 21:18:04,635 INFO org.apache.juli.logging.DirectJDKLog [main] Initializing ProtocolHandler ["http-nio-8080"]
2023-04-11 21:18:04,636 INFO org.apache.juli.logging.DirectJDKLog [main] Starting service [Tomcat]
2023-04-11 21:18:04,636 INFO org.apache.juli.logging.DirectJDKLog [main] Starting Servlet engine: [Apache Tomcat/9.0.68]
2023-04-11 21:18:04,721 INFO org.apache.juli.logging.DirectJDKLog [main] Initializing Spring embedded WebApplicationContext
2023-04-11 21:18:04,721 INFO org.springframework.boot.web.servlet.context.ServletWebServerApplicationContext [main] Root WebApplicationContext: initialization completed in 1382 ms
2023-04-11 21:18:04,896 INFO org.hibernate.jpa.internal.util.LogHelper [main] HHH000204: Processing PersistenceUnitInfo [name: default]
2023-04-11 21:18:04,967 INFO org.hibernate.Version [main] HHH000412: Hibernate ORM core version 5.6.12.Final
2023-04-11 21:18:05,134 INFO org.hibernate.annotations.common.reflection.java.JavaReflectionManager [main] HCANN000001: Hibernate Commons Annotations {5.1.2.Final}
2023-04-11 21:18:05,240 INFO com.zaxxer.hikari.HikariDataSource [main] HikariPool-1 - Starting...
2023-04-11 21:18:05,694 INFO com.zaxxer.hikari.HikariDataSource [main] HikariPool-1 - Start completed.
2023-04-11 21:18:05,721 INFO org.hibernate.dialect.Dialect [main] HHH000400: Using dialect: org.hibernate.dialect.MySQL8Dialect
2023-04-11 21:18:06,419 INFO org.hibernate.engine.transaction.jta.platform.internal.JtaPlatformInitiator [main] HHH000490: Using JtaPlatform implementation: [org.hibernate.engine.transaction.jta.platform.internal.NoJtaPlatform]
2023-04-11 21:18:06,426 INFO org.springframework.orm.jpa.AbstractEntityManagerFactoryBean [main] Initialized JPA EntityManagerFactory for persistence unit 'default'
2023-04-11 21:18:06,913 INFO org.springframework.security.web.DefaultSecurityFilterChain [main] Will secure any request with [org.springframework.security.web.session.DisableEncodeUrlFilter@36e98434, org.springframework.security.web.context.request.async.WebAsyncManagerIntegrationFilter@209b4b35, org.springframework.security.web.context.SecurityContextPersistenceFilter@662061e3, org.springframework.security.web.header.HeaderWriterFilter@3140ad41, org.springframework.security.web.authentication.logout.LogoutFilter@2823b7c5, org.springframework.security.web.authentication.UsernamePasswordAuthenticationFilter@18adc20a, org.springframework.security.web.savedrequest.RequestCacheAwareFilter@79e15c4a, org.springframework.security.web.servletapi.SecurityContextHolderAwareRequestFilter@5b2ade46, org.springframework.security.web.authentication.AnonymousAuthenticationFilter@77acc95a, org.springframework.security.web.session.SessionManagementFilter@61c3d7ac, org.springframework.security.web.access.ExceptionTranslationFilter@15c96f24, org.springframework.security.web.access.intercept.AuthorizationFilter@2a666c8e]
2023-04-11 21:18:06,957 WARN org.springframework.boot.autoconfigure.orm.jpa.JpaBaseConfiguration$JpaWebConfiguration [main] spring.jpa.open-in-view is enabled by default. Therefore, database queries may be performed during view rendering. Explicitly configure spring.jpa.open-in-view to disable this warning
2023-04-11 21:18:07,214 INFO org.apache.juli.logging.DirectJDKLog [main] Starting ProtocolHandler ["http-nio-8080"]
2023-04-11 21:18:07,228 INFO org.springframework.boot.web.embedded.tomcat.TomcatWebServer [main] Tomcat started on port(s): 8080 (http) with context path ''
2023-04-11 21:18:07,237 INFO org.springframework.boot.StartupInfoLogger [main] Started GeneralModuleApplication in 4.385 seconds (JVM running for 7.3)
2023-04-11 21:18:22,987 INFO org.apache.juli.logging.DirectJDKLog [http-nio-8080-exec-1] Initializing Spring DispatcherServlet 'dispatcherServlet'
2023-04-11 21:18:22,987 INFO org.springframework.web.servlet.FrameworkServlet [http-nio-8080-exec-1] Initializing Servlet 'dispatcherServlet'
2023-04-11 21:18:22,989 INFO org.springframework.web.servlet.FrameworkServlet [http-nio-8080-exec-1] Completed initialization in 1 ms
2023-04-11 21:18:23,176 INFO am.realestate.generalmodule.controllers.Index [http-nio-8080-exec-1] home page
2023-04-11 21:18:35,565 INFO am.realestate.generalmodule.controllers.UserController [http-nio-8080-exec-9] USER account data - user.name = Kevin
2023-04-11 21:18:35,565 INFO am.realestate.generalmodule.controllers.UserController [http-nio-8080-exec-9]  user.surname = Durant
2023-04-11 21:18:35,565 INFO am.realestate.generalmodule.controllers.UserController [http-nio-8080-exec-9]  user.email = Durant7@gmail.com
2023-04-11 21:18:35,649 INFO am.realestate.generalmodule.controllers.Index [http-nio-8080-exec-8] image name = 1676479293916_Screenshot 2022-09-15 211756.png
2023-04-11 21:18:36,903 INFO am.realestate.generalmodule.controllers.Index [http-nio-8080-exec-5] home page
2023-04-11 21:18:40,160 INFO am.realestate.generalmodule.controllers.UserController [http-nio-8080-exec-6] USER account data - user.name = Kevin
2023-04-11 21:18:40,161 INFO am.realestate.generalmodule.controllers.UserController [http-nio-8080-exec-6]  user.surname = Durant
2023-04-11 21:18:40,161 INFO am.realestate.generalmodule.controllers.UserController [http-nio-8080-exec-6]  user.email = Durant7@gmail.com
2023-04-11 21:18:40,249 INFO am.realestate.generalmodule.controllers.Index [http-nio-8080-exec-6] image name = 1676479293916_Screenshot 2022-09-15 211756.png
2023-04-11 21:18:41,022 INFO am.realestate.generalmodule.controllers.UserController [http-nio-8080-exec-3] Started edit profile with email = Optional[User{id=31, name='Kevin', surname='Durant', email='Durant7@gmail.com', profilePic='1676479293916_Screenshot 2022-09-15 211756.png', phoneNumber=77745488, localDate=2023-02-14, token=0, isActive=true, password='$2a$10$onsjBMbnXZPfq85wxFq6lO2oXEcv7tOmVukDmmaB6Hw4CgY54wQV2', userType=USER}]
2023-04-11 21:18:56,034 INFO am.realestate.generalmodule.controllers.UserController [http-nio-8080-exec-2] Optional user = Optional[User{id=31, name='Kevin', surname='Durant', email='Durant7@gmail.com', profilePic='1676479293916_Screenshot 2022-09-15 211756.png', phoneNumber=77745488, localDate=2023-02-14, token=0, isActive=true, password='$2a$10$onsjBMbnXZPfq85wxFq6lO2oXEcv7tOmVukDmmaB6Hw4CgY54wQV2', userType=USER}]
2023-04-11 21:18:56,034 INFO am.realestate.generalmodule.controllers.UserController [http-nio-8080-exec-2] Optional user id = 31
2023-04-11 21:18:56,037 INFO am.realestate.generalmodule.controllers.UserController [http-nio-8080-exec-2] User Update data = User{id=31, name='Kevin', surname='Durant', email='Durant7@gmail.com', profilePic='1681233536034_480px-Rjxx.jpg', phoneNumber=777452, localDate=2023-02-14, token=0, isActive=true, password='$2a$10$onsjBMbnXZPfq85wxFq6lO2oXEcv7tOmVukDmmaB6Hw4CgY54wQV2', userType=USER}
2023-04-11 21:18:56,109 INFO am.realestate.generalmodule.controllers.UserController [http-nio-8080-exec-2] Account update = User{id=31, name='Kevin', surname='Durant', email='Durant7@gmail.com', profilePic='1681233536034_480px-Rjxx.jpg', phoneNumber=777452, localDate=2023-02-14, token=0, isActive=true, password='$2a$10$onsjBMbnXZPfq85wxFq6lO2oXEcv7tOmVukDmmaB6Hw4CgY54wQV2', userType=USER}
2023-04-11 21:18:56,110 INFO am.realestate.generalmodule.controllers.UserController [http-nio-8080-exec-2] user saved = Durant7@gmail.com
2023-04-11 21:18:59,118 INFO am.realestate.generalmodule.controllers.UserController [http-nio-8080-exec-7] USER account data - user.name = Kevin
2023-04-11 21:18:59,119 INFO am.realestate.generalmodule.controllers.UserController [http-nio-8080-exec-7]  user.surname = Durant
2023-04-11 21:18:59,119 INFO am.realestate.generalmodule.controllers.UserController [http-nio-8080-exec-7]  user.email = Durant7@gmail.com
2023-04-11 21:18:59,172 INFO am.realestate.generalmodule.controllers.Index [http-nio-8080-exec-5] image name = 1681233536034_480px-Rjxx.jpg
2023-04-11 21:19:08,593 INFO am.realestate.generalmodule.controllers.Index [http-nio-8080-exec-6] home page
2023-04-11 21:19:09,620 INFO am.realestate.generalmodule.controllers.Index [http-nio-8080-exec-5] home page
2023-04-11 21:19:27,175 INFO am.realestate.generalmodule.controllers.AdminController [http-nio-8080-exec-7] Admin page
2023-04-11 21:19:27,181 INFO am.realestate.generalmodule.controllers.AdminController [http-nio-8080-exec-7] All user size = 9
2023-04-11 21:20:11,041 INFO am.realestate.generalmodule.controllers.Index [http-nio-8080-exec-3] home page
2023-04-11 21:20:12,025 INFO am.realestate.generalmodule.controllers.UserController [http-nio-8080-exec-4] USER account data - user.name = Narek
2023-04-11 21:20:12,026 INFO am.realestate.generalmodule.controllers.UserController [http-nio-8080-exec-4]  user.surname = Martirosyan
2023-04-11 21:20:12,026 INFO am.realestate.generalmodule.controllers.UserController [http-nio-8080-exec-4]  user.email = narek@nm
2023-04-11 21:20:12,091 INFO am.realestate.generalmodule.controllers.Index [http-nio-8080-exec-9] image name = 1676372290686_Screenshot 2023-01-23 165256.png
2023-04-11 21:20:14,017 INFO am.realestate.generalmodule.controllers.Index [http-nio-8080-exec-7] home page
2023-04-11 21:20:16,368 INFO am.realestate.generalmodule.controllers.Index [http-nio-8080-exec-1] home page
2023-04-11 21:20:19,770 INFO am.realestate.generalmodule.controllers.UserController [http-nio-8080-exec-10] USER account data - user.name = Kevin
2023-04-11 21:20:19,771 INFO am.realestate.generalmodule.controllers.UserController [http-nio-8080-exec-10]  user.surname = Durant
2023-04-11 21:20:19,771 INFO am.realestate.generalmodule.controllers.UserController [http-nio-8080-exec-10]  user.email = Durant7@gmail.com
2023-04-11 21:20:19,825 INFO am.realestate.generalmodule.controllers.Index [http-nio-8080-exec-5] image name = 1681233536034_480px-Rjxx.jpg
2023-04-11 21:20:21,288 INFO am.realestate.generalmodule.controllers.Index [http-nio-8080-exec-2] home page
2023-04-11 21:20:22,191 INFO am.realestate.generalmodule.controllers.UserController [http-nio-8080-exec-8] USER account data - user.name = Kevin
2023-04-11 21:20:22,192 INFO am.realestate.generalmodule.controllers.UserController [http-nio-8080-exec-8]  user.surname = Durant
2023-04-11 21:20:22,192 INFO am.realestate.generalmodule.controllers.UserController [http-nio-8080-exec-8]  user.email = Durant7@gmail.com
2023-04-11 21:20:22,240 INFO am.realestate.generalmodule.controllers.Index [http-nio-8080-exec-10] image name = 1681233536034_480px-Rjxx.jpg
2023-04-11 21:20:49,585 INFO am.realestate.generalmodule.controllers.HomeController [http-nio-8080-exec-2] User email for save home = Durant7@gmail.com
2023-04-11 21:20:52,588 INFO am.realestate.generalmodule.controllers.Index [http-nio-8080-exec-4] home page
2023-04-11 21:20:59,371 INFO am.realestate.generalmodule.controllers.HomeController [http-nio-8080-exec-9] Home id = 12
2023-04-11 21:21:23,238 INFO am.realestate.generalmodule.controllers.Index [http-nio-8080-exec-7] home page
