2023-04-15 14:29:22,290 INFO org.springframework.boot.StartupInfoLogger [main] Starting GeneralModuleApplication using Java 17.0.6 on DESKTOP-Q842RM6 with PID 13112 (D:\RealEstateAM\GeneralModule\target\classes started by ASUS in D:\RealEstateAM)
2023-04-15 14:29:22,293 DEBUG org.springframework.boot.StartupInfoLogger [main] Running with Spring Boot v2.7.5, Spring v5.3.23
2023-04-15 14:29:22,293 INFO org.springframework.boot.SpringApplication [main] No active profile set, falling back to 1 default profile: "default"
2023-04-15 14:29:22,834 INFO org.springframework.data.repository.config.RepositoryConfigurationDelegate [main] Bootstrapping Spring Data JPA repositories in DEFAULT mode.
2023-04-15 14:29:22,873 INFO org.springframework.data.repository.config.RepositoryConfigurationDelegate [main] Finished Spring Data repository scanning in 31 ms. Found 2 JPA repository interfaces.
2023-04-15 14:29:23,395 INFO org.springframework.boot.web.embedded.tomcat.TomcatWebServer [main] Tomcat initialized with port(s): 8080 (http)
2023-04-15 14:29:23,402 INFO org.apache.juli.logging.DirectJDKLog [main] Initializing ProtocolHandler ["http-nio-8080"]
2023-04-15 14:29:23,402 INFO org.apache.juli.logging.DirectJDKLog [main] Starting service [Tomcat]
2023-04-15 14:29:23,403 INFO org.apache.juli.logging.DirectJDKLog [main] Starting Servlet engine: [Apache Tomcat/9.0.68]
2023-04-15 14:29:23,491 INFO org.apache.juli.logging.DirectJDKLog [main] Initializing Spring embedded WebApplicationContext
2023-04-15 14:29:23,492 INFO org.springframework.boot.web.servlet.context.ServletWebServerApplicationContext [main] Root WebApplicationContext: initialization completed in 1158 ms
2023-04-15 14:29:23,633 INFO org.hibernate.jpa.internal.util.LogHelper [main] HHH000204: Processing PersistenceUnitInfo [name: default]
2023-04-15 14:29:23,678 INFO org.hibernate.Version [main] HHH000412: Hibernate ORM core version 5.6.12.Final
2023-04-15 14:29:23,800 INFO org.hibernate.annotations.common.reflection.java.JavaReflectionManager [main] HCANN000001: Hibernate Commons Annotations {5.1.2.Final}
2023-04-15 14:29:23,894 INFO com.zaxxer.hikari.HikariDataSource [main] HikariPool-1 - Starting...
2023-04-15 14:29:24,214 INFO com.zaxxer.hikari.HikariDataSource [main] HikariPool-1 - Start completed.
2023-04-15 14:29:24,237 INFO org.hibernate.dialect.Dialect [main] HHH000400: Using dialect: org.hibernate.dialect.MySQL8Dialect
2023-04-15 14:29:24,839 INFO org.hibernate.engine.transaction.jta.platform.internal.JtaPlatformInitiator [main] HHH000490: Using JtaPlatform implementation: [org.hibernate.engine.transaction.jta.platform.internal.NoJtaPlatform]
2023-04-15 14:29:24,846 INFO org.springframework.orm.jpa.AbstractEntityManagerFactoryBean [main] Initialized JPA EntityManagerFactory for persistence unit 'default'
2023-04-15 14:29:25,262 INFO org.springframework.security.web.DefaultSecurityFilterChain [main] Will secure any request with [org.springframework.security.web.session.DisableEncodeUrlFilter@36e98434, org.springframework.security.web.context.request.async.WebAsyncManagerIntegrationFilter@209b4b35, org.springframework.security.web.context.SecurityContextPersistenceFilter@662061e3, org.springframework.security.web.header.HeaderWriterFilter@3140ad41, org.springframework.security.web.authentication.logout.LogoutFilter@2823b7c5, org.springframework.security.web.authentication.UsernamePasswordAuthenticationFilter@18adc20a, org.springframework.security.web.savedrequest.RequestCacheAwareFilter@79e15c4a, org.springframework.security.web.servletapi.SecurityContextHolderAwareRequestFilter@5b2ade46, org.springframework.security.web.authentication.AnonymousAuthenticationFilter@77acc95a, org.springframework.security.web.session.SessionManagementFilter@61c3d7ac, org.springframework.security.web.access.ExceptionTranslationFilter@15c96f24, org.springframework.security.web.access.intercept.AuthorizationFilter@2a666c8e]
2023-04-15 14:29:25,294 WARN org.springframework.boot.autoconfigure.orm.jpa.JpaBaseConfiguration$JpaWebConfiguration [main] spring.jpa.open-in-view is enabled by default. Therefore, database queries may be performed during view rendering. Explicitly configure spring.jpa.open-in-view to disable this warning
2023-04-15 14:29:25,614 INFO org.apache.juli.logging.DirectJDKLog [main] Starting ProtocolHandler ["http-nio-8080"]
2023-04-15 14:29:25,630 INFO org.springframework.boot.web.embedded.tomcat.TomcatWebServer [main] Tomcat started on port(s): 8080 (http) with context path ''
2023-04-15 14:29:25,639 INFO org.springframework.boot.StartupInfoLogger [main] Started GeneralModuleApplication in 3.679 seconds (JVM running for 6.468)
2023-04-15 14:29:57,600 INFO org.apache.juli.logging.DirectJDKLog [http-nio-8080-exec-1] Initializing Spring DispatcherServlet 'dispatcherServlet'
2023-04-15 14:29:57,601 INFO org.springframework.web.servlet.FrameworkServlet [http-nio-8080-exec-1] Initializing Servlet 'dispatcherServlet'
2023-04-15 14:29:57,602 INFO org.springframework.web.servlet.FrameworkServlet [http-nio-8080-exec-1] Completed initialization in 1 ms
2023-04-15 14:29:57,676 INFO am.realestate.generalmodule.controllers.Index [http-nio-8080-exec-1] home page
2023-04-15 14:35:37,693 INFO am.realestate.generalmodule.controllers.UserController [http-nio-8080-exec-5] user saved = ervand20021@gmail.com
2023-04-15 14:35:40,530 INFO am.realestate.generalmodule.controllers.Index [http-nio-8080-exec-9] home page
2023-04-15 14:35:48,211 INFO am.realestate.generalmodule.controllers.Index [http-nio-8080-exec-8] home page
2023-04-15 14:36:19,456 INFO am.realestate.generalmodule.controllers.Index [http-nio-8080-exec-1] home page
2023-04-15 14:36:25,931 INFO am.realestate.generalmodule.controllers.Index [http-nio-8080-exec-5] home page
2023-04-15 14:37:19,971 INFO am.realestate.generalmodule.controllers.UserController [http-nio-8080-exec-8] Token saved = 151490
2023-04-15 14:37:26,760 INFO am.realestate.generalmodule.controllers.UserController [http-nio-8080-exec-4] Activate code dose not right = Optional.empty
2023-04-15 14:37:48,273 INFO am.realestate.generalmodule.controllers.UserController [http-nio-8080-exec-5] User saved Activate True
2023-04-15 14:37:48,287 INFO am.realestate.generalmodule.controllers.Index [http-nio-8080-exec-10] home page
2023-04-15 14:37:50,183 INFO am.realestate.generalmodule.controllers.UserController [http-nio-8080-exec-10] USER account data - user.name = Ervo
2023-04-15 14:37:50,183 INFO am.realestate.generalmodule.controllers.UserController [http-nio-8080-exec-10]  user.surname = Haroyan
2023-04-15 14:37:50,183 INFO am.realestate.generalmodule.controllers.UserController [http-nio-8080-exec-10]  user.email = ervand20021@gmail.com
2023-04-15 14:37:50,269 INFO am.realestate.generalmodule.controllers.Index [http-nio-8080-exec-9] image name = 1681554937168_Lebron james.jpg
2023-04-15 14:37:58,190 INFO am.realestate.generalmodule.controllers.UserController [http-nio-8080-exec-3] USER account data - user.name = Ervo
2023-04-15 14:37:58,190 INFO am.realestate.generalmodule.controllers.UserController [http-nio-8080-exec-3]  user.surname = Haroyan
2023-04-15 14:37:58,190 INFO am.realestate.generalmodule.controllers.UserController [http-nio-8080-exec-3]  user.email = ervand20021@gmail.com
2023-04-15 14:37:58,237 INFO am.realestate.generalmodule.controllers.Index [http-nio-8080-exec-2] image name = 1681554937168_Lebron james.jpg
2023-04-15 14:38:17,111 INFO org.springframework.orm.jpa.AbstractEntityManagerFactoryBean [SpringApplicationShutdownHook] Closing JPA EntityManagerFactory for persistence unit 'default'
2023-04-15 14:38:17,114 INFO com.zaxxer.hikari.HikariDataSource [SpringApplicationShutdownHook] HikariPool-1 - Shutdown initiated...
2023-04-15 14:38:17,123 INFO com.zaxxer.hikari.HikariDataSource [SpringApplicationShutdownHook] HikariPool-1 - Shutdown completed.
